<?xml version="1.0" encoding="UTF-8" ?>
<testsuite tests="8" failures="0" name="testRunner.TestRunner" time="22.144" errors="0" skipped="0">
  <properties>
[...]
</properties>
  <testcase classname="Login to VUE application" name="MVC user should be able to login to the application applicationDetails" time="7.462"/>
  <testcase classname="Login to VUE application" name="Login to VUE application" time="8.217"/>
  <testcase classname="Add tasks in the list" name="MVC user should be able to login to the application applicationDetails" time="5.063"/>
  <testcase classname="Add tasks in the list" name="User adds task Bill Payments in the to do box" time="0.358"/>
  <testcase classname="Add tasks in the list" name="Task Bill Payments should get added in the list" time="0.061"/>
  <testcase classname="Add tasks in the list" name="User adds task Shopping in the to do box" time="0.088"/>
  <testcase classname="Add tasks in the list" name="Task Shopping should get added in the list" time="0.039"/>
  <testcase classname="Add tasks in the list" name="Add tasks in the list" time="0.856"/>
</testsuite>